(---------------------------------------------------------------------)
(                                                                     )
(    Allegro Netrev Import Logic                                      )
(                                                                     )
(    Drawing          : GroundBounce.brd                              )
(    Software Version : 17.4S013                                      )
(    Date/Time        : Tue May 31 19:04:24 2022                      )
(                                                                     )
(---------------------------------------------------------------------)


------ Directives ------------

Ripup etch:                  No
Ripup delete first segment:  No
Ripup retain bondwire:       No
Ripup symbols:               Always
Missing symbol has error:    No
DRC update:                  Yes
Schematic directory:         'C:/Users/jensming/Desktop/Ground Bounce/Ground Bounce/Ground Bounce/pcb'
Design Directory:            'C:/Users/jensming/Desktop/Ground Bounce/Ground Bounce/Ground Bounce/pcb'
Old design name:             'C:/Users/jensming/Desktop/Ground Bounce/Ground Bounce/Ground Bounce/pcb/GroundBounce.brd'
New design name:             'C:/Users/jensming/Desktop/Ground Bounce/Ground Bounce/Ground Bounce/pcb/GroundBounce.brd'

CmdLine: netrev -$ -i C:/Users/jensming/Desktop/Ground Bounce/Ground Bounce/Ground Bounce/pcb -y 1 -h -q netrev_constraint_report.xml C:/Users/jensming/Desktop/Ground Bounce/Ground Bounce/Ground Bounce/pcb/#Taaaaah10960.tmp

------ Preparing to read pst files ------

Starting to read C:/Users/jensming/Desktop/Ground Bounce/Ground Bounce/Ground Bounce/pcb/pstchip.dat 
   Finished reading C:/Users/jensming/Desktop/Ground Bounce/Ground Bounce/Ground Bounce/pcb/pstchip.dat (00:00:00.01)
Starting to read C:/Users/jensming/Desktop/Ground Bounce/Ground Bounce/Ground Bounce/pcb/pstxprt.dat 
   Finished reading C:/Users/jensming/Desktop/Ground Bounce/Ground Bounce/Ground Bounce/pcb/pstxprt.dat (00:00:00.00)
Starting to read C:/Users/jensming/Desktop/Ground Bounce/Ground Bounce/Ground Bounce/pcb/pstxnet.dat 
   Finished reading C:/Users/jensming/Desktop/Ground Bounce/Ground Bounce/Ground Bounce/pcb/pstxnet.dat (00:00:00.00)

------ Oversights/Warnings/Errors ------


------ Library Paths ------
MODULEPATH =  . 
           . 
           C:/Cadence/SPB_17.4/share/local/pcb/modules 

PSMPATH =  ../../lib/symbols 
           symbols 
           .. 
           ../symbols 
           C:/Cadence/SPB_17.4/share/local/pcb/symbols 
           C:/Cadence/SPB_17.4/share/pcb/pcb_lib/symbols 
           C:/Cadence/SPB_17.4/share/pcb/allegrolib/symbols 

PADPATH =  ../../lib/padstacks 
           symbols 
           ../../lib/symbols 
           ../symbols 
           C:/Cadence/SPB_17.4/share/local/pcb/padstacks 
           C:/Cadence/SPB_17.4/share/pcb/pcb_lib/symbols 
           C:/Cadence/SPB_17.4/share/pcb/allegrolib/symbols 


------ Summary Statistics ------


netrev run on May 31 19:04:24 2022
   DESIGN NAME : 'GROUND BOUNCE'
   PACKAGING ON Dec  6 2020 14:07:58

   COMPILE 'logic'
   CHECK_PIN_NAMES OFF
   CROSS_REFERENCE OFF
   FEEDBACK OFF
   INCREMENTAL OFF
   INTERFACE_TYPE PHYSICAL
   MAX_ERRORS 500
   MERGE_MINIMUM 5
   NET_NAME_CHARS '#%&()*+-./:=>?@[]^_`|'
   NET_NAME_LENGTH 24
   OVERSIGHTS ON
   REPLACE_CHECK OFF
   SINGLE_NODE_NETS ON
   SPLIT_MINIMUM 0
   SUPPRESS   20
   WARNINGS ON

 No error detected
 No oversight detected
 No warning detected

cpu time      0:00:27
elapsed time  0:00:00

