(---------------------------------------------------------------------)
(                                                                     )
(    ARTWORK LOG                                                      )
(                                                                     )
(    Drawing          : GroundBounce.brd                              )
(    Software Version : 17.4S013                                      )
(    Date/Time        : Wed Jun  1 16:49:26 2022                      )
(                                                                     )
(---------------------------------------------------------------------)


 ---- Photoplot outline rectangle not found; using drawing extents.



Results from parameter file ...
    DEVICE-TYPE           GERBER_RS274X
    OUTPUT-UNITS          INCHES
    FILM-SIZE             2400000 1600000
    FORMAT                2.5
    ABORT-ON-ERROR        NO
    SCALE                 1
    SUPPRESS-LEAD-ZEROES  YES
    SUPPRESS-TRAIL-ZEROES NO
    SUPPRESS-EQUAL        YES
    UNDEF-APT-CONT        NO



================================================================
     PROCESSING FILM < TOP >
     TO FILE < C:/Users/jensming/Desktop/Ground Bounce/Ground Bounce/Ground Bounce/pcb/artwork/Ground_Bounce_v1_TOP.art > ...
================================================================

  FILM PARAMETERS :
  ---------------------------------------------------------
  Undefined line width                0.0
  Mirror code                         NONE
  Rotate angle                        NONE
  Offset x:                           0.0
  Offset y:                           0.0
  Plot negative                       NO
  Suppress unconnected internal pads  NO
  Draw holes only                     NO



  APERTURES USED (UNIT = IN):
  ---------------------------------------------------------
  TYPE       SIZE/NAME                   ROT   MIRROR MODE 
  ---------------------------------------------------------
  CIRCLE     0.01200                                  DARK 
  CIRCLE     0.02500                                  DARK 
  CIRCLE     0.03000                                  DARK 
  CIRCLE     0.06000                                  DARK 
  CIRCLE     0.07500                                  DARK 
  CIRCLE     0.12000                                  DARK 
  SQUARE     0.05000                     0.000 NO     DARK 
  SQUARE     0.06000                     0.000 NO     DARK 
  SQUARE     0.07500                     0.000 NO     DARK 
  RECTANGLE  0.08600     x 0.02400       0.000 NO     DARK 
  RECTANGLE  0.13780     x 0.05910       0.000 NO     DARK 
  OBLONG     0.08600     x 0.02400       0.000 NO     DARK 

     Ground_Bounce_v1_TOP created.


================================================================
     PROCESSING FILM < BOTTOM >
     TO FILE < C:/Users/jensming/Desktop/Ground Bounce/Ground Bounce/Ground Bounce/pcb/artwork/Ground_Bounce_v1_BOTTOM.art > ...
================================================================

  FILM PARAMETERS :
  ---------------------------------------------------------
  Undefined line width                0.0
  Mirror code                         NONE
  Rotate angle                        NONE
  Offset x:                           0.0
  Offset y:                           0.0
  Plot negative                       NO
  Suppress unconnected internal pads  NO
  Draw holes only                     NO



  APERTURES USED (UNIT = IN):
  ---------------------------------------------------------
  TYPE       SIZE/NAME                   ROT   MIRROR MODE 
  ---------------------------------------------------------
  CIRCLE     0.01200                                  DARK 
  CIRCLE     0.02500                                  DARK 
  CIRCLE     0.03000                                  DARK 
  CIRCLE     0.06000                                  DARK 
  CIRCLE     0.07500                                  DARK 
  CIRCLE     0.12000                                  DARK 
  SQUARE     0.06000                     0.000 NO     DARK 
  SQUARE     0.07500                     0.000 NO     DARK 
  RECTANGLE  0.13780     x 0.05910       0.000 NO     DARK 

     Ground_Bounce_v1_BOTTOM created.


================================================================
     PROCESSING FILM < SMT >
     TO FILE < C:/Users/jensming/Desktop/Ground Bounce/Ground Bounce/Ground Bounce/pcb/artwork/Ground_Bounce_v1_SMT.art > ...
================================================================

  FILM PARAMETERS :
  ---------------------------------------------------------
  Undefined line width                0.0
  Mirror code                         NONE
  Rotate angle                        NONE
  Offset x:                           0.0
  Offset y:                           0.0
  Plot negative                       NO
  Suppress unconnected internal pads  NO
  Draw holes only                     NO



  APERTURES USED (UNIT = IN):
  ---------------------------------------------------------
  TYPE       SIZE/NAME                   ROT   MIRROR MODE 
  ---------------------------------------------------------
  CIRCLE     0.05000                                  DARK 
  CIRCLE     0.06700                                  DARK 
  CIRCLE     0.07500                                  DARK 
  CIRCLE     0.14700                                  DARK 
  SQUARE     0.05000                     0.000 NO     DARK 
  SQUARE     0.06700                     0.000 NO     DARK 
  SQUARE     0.07500                     0.000 NO     DARK 
  RECTANGLE  0.08600     x 0.02400       0.000 NO     DARK 
  RECTANGLE  0.14570     x 0.06690       0.000 NO     DARK 
  OBLONG     0.08600     x 0.02400       0.000 NO     DARK 

     Ground_Bounce_v1_SMT created.


================================================================
     PROCESSING FILM < MECH >
     TO FILE < C:/Users/jensming/Desktop/Ground Bounce/Ground Bounce/Ground Bounce/pcb/artwork/Ground_Bounce_v1_MECH.art > ...
================================================================

  FILM PARAMETERS :
  ---------------------------------------------------------
  Undefined line width                0.0
  Mirror code                         NONE
  Rotate angle                        NONE
  Offset x:                           0.0
  Offset y:                           0.0
  Plot negative                       NO
  Suppress unconnected internal pads  NO
  Draw holes only                     NO

    WARNING: rectangle or unfilled shape composed 0 width line found at (0.0 0.0) in MIL
           ... ignored.

    WARNING: rectangle or unfilled shape having Multiple 0 width lines; all will be treated the same as the first.
           ... ignored.

    WARNING: 0 width line found at (4560.0 -45.0) in MIL
           ... ignored.

    WARNING: Multiple 0 width lines; all will be treated the same as the first.
           ... ignored.

    WARNING: text composed 0 width line found at (5009.5 767.5) in MIL
           ... ignored.

    WARNING: text having Multiple 0 width lines; all will be treated the same as the first.
           ... ignored.



  APERTURES USED (UNIT = IN):
  ---------------------------------------------------------
  TYPE       SIZE/NAME                   ROT   MIRROR MODE 
  ---------------------------------------------------------
  CIRCLE     0.05000                                  DARK 

     Ground_Bounce_v1_MECH created with warnings


================================================================
     PROCESSING FILM < SMB >
     TO FILE < C:/Users/jensming/Desktop/Ground Bounce/Ground Bounce/Ground Bounce/pcb/artwork/Ground_Bounce_v1_SMB.art > ...
================================================================

  FILM PARAMETERS :
  ---------------------------------------------------------
  Undefined line width                0.0
  Mirror code                         NONE
  Rotate angle                        NONE
  Offset x:                           0.0
  Offset y:                           0.0
  Plot negative                       NO
  Suppress unconnected internal pads  NO
  Draw holes only                     NO



  APERTURES USED (UNIT = IN):
  ---------------------------------------------------------
  TYPE       SIZE/NAME                   ROT   MIRROR MODE 
  ---------------------------------------------------------
  CIRCLE     0.06700                                  DARK 
  CIRCLE     0.07500                                  DARK 
  CIRCLE     0.14700                                  DARK 
  SQUARE     0.06700                     0.000 NO     DARK 
  SQUARE     0.07500                     0.000 NO     DARK 
  RECTANGLE  0.14570     x 0.06690       0.000 NO     DARK 

     Ground_Bounce_v1_SMB created.


================================================================
     PROCESSING FILM < SST >
     TO FILE < C:/Users/jensming/Desktop/Ground Bounce/Ground Bounce/Ground Bounce/pcb/artwork/Ground_Bounce_v1_SST.art > ...
================================================================

  FILM PARAMETERS :
  ---------------------------------------------------------
  Undefined line width                0.0
  Mirror code                         NONE
  Rotate angle                        NONE
  Offset x:                           0.0
  Offset y:                           0.0
  Plot negative                       NO
  Suppress unconnected internal pads  NO
  Draw holes only                     NO



  APERTURES USED (UNIT = IN):
  ---------------------------------------------------------
  TYPE       SIZE/NAME                   ROT   MIRROR MODE 
  ---------------------------------------------------------
  CIRCLE     0.00500                                  DARK 
  CIRCLE     0.00600                                  DARK 
  CIRCLE     0.00700                                  DARK 
  CIRCLE     0.00790                                  DARK 
  CIRCLE     0.00800                                  DARK 
  CIRCLE     0.01000                                  DARK 

     Ground_Bounce_v1_SST created.


================================================================
     PROCESSING FILM < SSB >
     TO FILE < C:/Users/jensming/Desktop/Ground Bounce/Ground Bounce/Ground Bounce/pcb/artwork/Ground_Bounce_v1_SSB.art > ...
================================================================

  FILM PARAMETERS :
  ---------------------------------------------------------
  Undefined line width                0.0
  Mirror code                         NONE
  Rotate angle                        NONE
  Offset x:                           0.0
  Offset y:                           0.0
  Plot negative                       NO
  Suppress unconnected internal pads  NO
  Draw holes only                     NO



  APERTURES USED:  NONE
     Ground_Bounce_v1_SSB created.


------------------------------------------------------
 SUMMARY:
        Ground_Bounce_v1_TOP created.
        Ground_Bounce_v1_BOTTOM created.
        Ground_Bounce_v1_SMT created.
        Ground_Bounce_v1_MECH created with warnings
        Ground_Bounce_v1_SMB created.
        Ground_Bounce_v1_SST created.
        Ground_Bounce_v1_SSB created.

 ARTWORK had warnings
